<?xml version="1.0" encoding="UTF-8"?>
<testng-results ignored="0" total="3" passed="3" failed="0" skipped="0">
  <reporter-output>
  </reporter-output>
  <suite started-at="2024-01-14T00:27:48 IST" name="Suite" finished-at="2024-01-14T00:27:56 IST" duration-ms="7789">
    <groups>
      <group name="cucumber">
        <method signature="AbstractTestNGCucumberTests.runScenario(io.cucumber.testng.PickleWrapper,io.cucumber.testng.FeatureWrapper)[pri:0, instance:TestRunner.Guru99TestRunner@51c668e3]" name="runScenario" class="io.cucumber.testng.AbstractTestNGCucumberTests"/>
      </group> <!-- cucumber -->
    </groups>
    <test started-at="2024-01-14T00:27:48 IST" name="Test" finished-at="2024-01-14T00:27:56 IST" duration-ms="7789">
      <class name="TestRunner.Guru99TestRunner">
        <test-method is-config="true" signature="setUpClass()[pri:0, instance:TestRunner.Guru99TestRunner@51c668e3]" started-at="2024-01-14T00:27:48 IST" name="setUpClass" finished-at="2024-01-14T00:27:48 IST" duration-ms="263" status="PASS">
          <reporter-output>
          </reporter-output>
        </test-method> <!-- setUpClass -->
        <test-method signature="runScenario(io.cucumber.testng.PickleWrapper,io.cucumber.testng.FeatureWrapper)[pri:0, instance:TestRunner.Guru99TestRunner@51c668e3]" started-at="2024-01-14T00:27:48 IST" name="runScenario" description="Runs Cucumber Scenarios" data-provider="scenarios" finished-at="2024-01-14T00:27:55 IST" duration-ms="6990" status="PASS">
          <params>
            <param index="0">
              <value>
                <![CDATA["validate Guru99 register page functionality"]]>
              </value>
            </param>
            <param index="1">
              <value>
                <![CDATA["Optional[Test Guru99 Application]"]]>
              </value>
            </param>
          </params>
          <reporter-output>
          </reporter-output>
        </test-method> <!-- runScenario -->
        <test-method signature="runScenario(io.cucumber.testng.PickleWrapper,io.cucumber.testng.FeatureWrapper)[pri:0, instance:TestRunner.Guru99TestRunner@51c668e3]" started-at="2024-01-14T00:27:55 IST" name="runScenario" description="Runs Cucumber Scenarios" data-provider="scenarios" finished-at="2024-01-14T00:27:56 IST" duration-ms="253" status="PASS">
          <params>
            <param index="0">
              <value>
                <![CDATA["validate Guru99 Adress page functionality"]]>
              </value>
            </param>
            <param index="1">
              <value>
                <![CDATA["Optional[Test Guru99 Application]"]]>
              </value>
            </param>
          </params>
          <reporter-output>
          </reporter-output>
        </test-method> <!-- runScenario -->
        <test-method signature="runScenario(io.cucumber.testng.PickleWrapper,io.cucumber.testng.FeatureWrapper)[pri:0, instance:TestRunner.Guru99TestRunner@51c668e3]" started-at="2024-01-14T00:27:56 IST" name="runScenario" description="Runs Cucumber Scenarios" data-provider="scenarios" finished-at="2024-01-14T00:27:56 IST" duration-ms="231" status="PASS">
          <params>
            <param index="0">
              <value>
                <![CDATA["validate Guru99 username page functionality"]]>
              </value>
            </param>
            <param index="1">
              <value>
                <![CDATA["Optional[Test Guru99 Application]"]]>
              </value>
            </param>
          </params>
          <reporter-output>
          </reporter-output>
        </test-method> <!-- runScenario -->
        <test-method is-config="true" signature="tearDownClass()[pri:0, instance:TestRunner.Guru99TestRunner@51c668e3]" started-at="2024-01-14T00:27:56 IST" name="tearDownClass" finished-at="2024-01-14T00:27:56 IST" duration-ms="15" status="PASS">
          <reporter-output>
          </reporter-output>
        </test-method> <!-- tearDownClass -->
      </class> <!-- TestRunner.Guru99TestRunner -->
    </test> <!-- Test -->
  </suite> <!-- Suite -->
</testng-results>
